<?xml version="1.0" encoding="UTF-8"?>
<!-- Generated by org.testng.reporters.JUnitXMLReporter -->
<testsuite hostname="DESKTOP-1UNN7PP" ignored="0" name="Free CRM App Test Cases" tests="10" failures="1" timestamp="24 Jul 2019 11:22:24 GMT" time="278.871" errors="0">
  <testcase name="loginPageTitleTest" time="0.042" classname="com.crm.qa.testcases.LoginPageTest">
    <failure type="java.lang.AssertionError" message="expected [#1 Free CRM for Any Business: Online Customer Relationship Software] but found [CRMPRO - CRM software for customer relationship management, sales, and support.]">
      <![CDATA[java.lang.AssertionError: expected [#1 Free CRM for Any Business: Online Customer Relationship Software] but found [CRMPRO - CRM software for customer relationship management, sales, and support.]
	at com.crm.qa.testcases.LoginPageTest.loginPageTitleTest(LoginPageTest.java:29)
... Removed 31 stack frames]]>
    </failure>
  </testcase> <!-- loginPageTitleTest -->
  <testcase name="verifyHomePageTitleTest" time="0.013" classname="com.crm.qa.testcases.HomePageTest"/>
  <testcase name="verifyContactsPageLabel" time="0.084" classname="com.crm.qa.testcases.ContactsPageTest"/>
  <testcase name="crmLogoImageTest" time="0.083" classname="com.crm.qa.testcases.LoginPageTest"/>
  <testcase name="verifyUserNameTest" time="0.125" classname="com.crm.qa.testcases.HomePageTest"/>
  <testcase name="selectSingleContactsTest" time="0.124" classname="com.crm.qa.testcases.ContactsPageTest"/>
  <testcase name="loginTest" time="7.668" classname="com.crm.qa.testcases.LoginPageTest"/>
  <testcase name="verifyContactsLinkTest" time="2.66" classname="com.crm.qa.testcases.HomePageTest"/>
  <testcase name="selectMultipleContactsTest" time="0.317" classname="com.crm.qa.testcases.ContactsPageTest"/>
  <testcase name="validateCreateNewContact" time="0.0" classname="com.crm.qa.testcases.ContactsPageTest">
    <skipped/>
  </testcase> <!-- validateCreateNewContact -->
</testsuite> <!-- Free CRM App Test Cases -->
