<?xml version="1.0" encoding="UTF-8"?>
<!-- Generated by org.testng.reporters.JUnitXMLReporter -->
<testsuite hostname="DESKTOP-1UNN7PP" ignored="0" name="Default test" tests="3" failures="0" timestamp="24 Jul 2019 13:52:44 GMT" time="37.196" errors="0">
  <testcase name="loginPageTitleTest" time="0.113" classname="com.crm.qa.testcases.LoginPageTest"/>
  <testcase name="crmLogoImageTest" time="0.213" classname="com.crm.qa.testcases.LoginPageTest"/>
  <testcase name="loginTest" time="4.245" classname="com.crm.qa.testcases.LoginPageTest"/>
</testsuite> <!-- Default test -->
